0 info it worked if it ends with ok
1 verbose cli [ 'node', '/usr/local/bin/npm', 'install' ]
2 info using npm@1.4.28
3 info using node@v0.10.33
4 warn package.json express_blog@1.0.0 No repository field.
5 warn package.json express_blog@1.0.0 No README data
6 verbose readDependencies using package.json deps
7 verbose install where, deps [ '/Users/calvinliu/Desktop/Workspace_2/10-week/express_blog',
7 verbose install   [ 'body-parser',
7 verbose install     'jade',
7 verbose install     'method-override',
7 verbose install     'mongoose',
7 verbose install     'morgan',
7 verbose install     'express' ] ]
8 info preinstall express_blog@1.0.0
9 verbose readDependencies using package.json deps
10 verbose already installed skipping body-parser@^1.12.4 /Users/calvinliu/Desktop/Workspace_2/10-week/express_blog
11 verbose already installed skipping jade@^1.9.2 /Users/calvinliu/Desktop/Workspace_2/10-week/express_blog
12 verbose already installed skipping method-override@^2.3.3 /Users/calvinliu/Desktop/Workspace_2/10-week/express_blog
13 verbose already installed skipping mongoose@^4.0.3 /Users/calvinliu/Desktop/Workspace_2/10-week/express_blog
14 verbose already installed skipping morgan@^1.5.3 /Users/calvinliu/Desktop/Workspace_2/10-week/express_blog
15 verbose cache add [ 'express@lastest', null ]
16 verbose cache add name=undefined spec="express@lastest" args=["express@lastest",null]
17 verbose parsed url { protocol: null,
17 verbose parsed url   slashes: null,
17 verbose parsed url   auth: null,
17 verbose parsed url   host: null,
17 verbose parsed url   port: null,
17 verbose parsed url   hostname: null,
17 verbose parsed url   hash: null,
17 verbose parsed url   search: null,
17 verbose parsed url   query: null,
17 verbose parsed url   pathname: 'express@lastest',
17 verbose parsed url   path: 'express@lastest',
17 verbose parsed url   href: 'express@lastest' }
18 verbose cache add name="express" spec="lastest" args=["express","lastest"]
19 verbose parsed url { protocol: null,
19 verbose parsed url   slashes: null,
19 verbose parsed url   auth: null,
19 verbose parsed url   host: null,
19 verbose parsed url   port: null,
19 verbose parsed url   hostname: null,
19 verbose parsed url   hash: null,
19 verbose parsed url   search: null,
19 verbose parsed url   query: null,
19 verbose parsed url   pathname: 'lastest',
19 verbose parsed url   path: 'lastest',
19 verbose parsed url   href: 'lastest' }
20 verbose addNamed [ 'express', 'lastest' ]
21 verbose addNamed [ null, null ]
22 silly lockFile 447230c4-express-lastest express@lastest
23 verbose lock express@lastest /Users/calvinliu/.npm/447230c4-express-lastest.lock
24 info addNameTag [ 'express', 'lastest' ]
25 verbose registry.get https://registry.npmjs.org/express not expired, no request
26 silly lockFile 447230c4-express-lastest express@lastest
27 silly lockFile 447230c4-express-lastest express@lastest
28 error notarget No compatible version found: express@'lastest'
28 error notarget Valid install targets:
28 error notarget ["0.14.0","0.14.1","1.0.0","1.0.1","1.0.2","1.0.3","1.0.4","1.0.5","1.0.6","1.0.7","1.0.8","2.0.0","2.1.0","2.1.1","2.2.0","2.2.1","2.2.2","2.3.0","2.3.1","2.3.2","2.3.3","2.3.4","2.3.5","2.3.6","2.3.7","2.3.8","2.3.9","2.3.10","2.3.11","2.3.12","2.4.0","2.4.1","2.4.2","2.4.3","2.4.4","2.4.5","2.4.6","2.4.7","2.5.0","2.5.1","2.5.2","2.5.3","2.5.4","2.5.5","2.5.6","2.5.7","2.5.8","2.5.9","2.5.10","2.5.11","3.0.0","3.0.1","3.0.2","3.0.3","3.0.4","3.0.5","3.0.6","3.1.0","3.1.1","3.1.2","3.2.0","3.2.1","3.2.2","3.2.3","3.2.4","3.2.5","3.2.6","3.3.0","3.3.1","3.3.2","3.3.3","3.3.4","3.3.5","3.3.6","1.0.0-beta","1.0.0-beta2","1.0.0-rc","1.0.0-rc2","1.0.0-rc3","1.0.0-rc4","2.0.0-beta","2.0.0-beta2","2.0.0-beta3","2.0.0-rc","2.0.0-rc2","2.0.0-rc3","3.0.0-alpha1","3.0.0-alpha2","3.0.0-alpha3","3.0.0-alpha4","3.0.0-alpha5","3.0.0-beta1","3.0.0-beta2","3.0.0-beta3","3.0.0-beta4","3.0.0-beta6","3.0.0-beta7","3.0.0-rc1","3.0.0-rc2","3.0.0-rc3","3.0.0-rc4","3.0.0-rc5","3.3.7","3.3.8","3.4.0","3.4.1","3.4.2","3.4.3","3.4.4","3.4.5","3.4.6","3.4.7","3.4.8","4.0.0-rc1","4.0.0-rc2","3.5.0","4.0.0-rc3","4.0.0-rc4","3.5.1","4.0.0","3.5.2","4.1.0","4.1.1","3.5.3","4.1.2","3.6.0","4.2.0","3.7.0","3.8.0","4.3.0","4.3.1","3.8.1","4.3.2","3.9.0","4.4.0","4.4.1","3.10.0","3.10.1","3.10.2","3.10.3","3.10.4","4.4.2","3.10.5","4.4.3","3.11.0","4.4.4","3.12.0","3.12.1","4.4.5","3.13.0","4.5.0","4.5.1","3.14.0","4.6.0","4.6.1","3.15.0","4.7.0","3.15.1","4.7.1","3.15.2","4.7.2","4.7.3","3.15.3","4.7.4","3.16.0","4.8.0","3.16.1","4.8.1","3.16.2","4.8.2","3.16.3","3.16.4","4.8.3","3.16.5","3.16.6","4.8.4","3.16.7","4.8.5","3.16.8","4.8.6","3.16.9","4.8.7","3.16.10","4.8.8","3.17.0","3.17.1","4.9.0","3.17.2","4.9.1","4.9.2","3.17.3","4.9.3","3.17.4","4.9.4","3.17.5","4.9.5","3.17.6","3.17.7","4.9.6","4.9.7","3.17.8","4.9.8","3.18.0","3.18.1","4.10.0","3.18.2","4.10.1","5.0.0-alpha.1","3.18.3","4.10.2","3.18.4","4.10.3","4.10.4","4.10.5","3.18.5","3.18.6","4.10.6","4.10.7","3.19.0","4.10.8","4.11.0","3.19.1","4.11.1","3.19.2","4.11.2","3.20.0","4.12.0","3.20.1","4.12.1","4.12.2","3.20.2","4.12.3","3.20.3","4.12.4"]
28 error notarget
28 error notarget This is most likely not a problem with npm itself.
28 error notarget In most cases you or one of your dependencies are requesting
28 error notarget a package version that doesn't exist.
29 error System Darwin 14.3.0
30 error command "node" "/usr/local/bin/npm" "install"
31 error cwd /Users/calvinliu/Desktop/Workspace_2/10-week/express_blog
32 error node -v v0.10.33
33 error npm -v 1.4.28
34 error code ETARGET
35 verbose exit [ 1, true ]
